12:26:43: Creating resource group General
12:26:43: Creating resource group Internal
12:26:43: Creating resource group Autodetect
12:26:43: Registering ResourceManager for type Mesh
12:26:43: Registering ResourceManager for type Material
12:26:43: Registering ResourceManager for type Skeleton
12:26:43: XMLMeshSerializer reading mesh data from /home/maurizio/Works/Nume/nume-read-only/distrib/models/export/garisenda.mesh.xml...
12:26:44: Reading submeshes...
12:26:44: Reading geometry...
12:26:44: Geometry done...
12:26:44: Reading geometry...
12:26:44: Geometry done...
12:26:44: Reading geometry...
12:26:44: Geometry done...
12:26:44: Reading geometry...
12:26:44: Geometry done...
12:26:44: Reading geometry...
12:26:44: Geometry done...
12:26:44: Reading geometry...
12:26:44: Geometry done...
12:26:44: Reading geometry...
12:26:44: Geometry done...
12:26:44: Reading geometry...
12:26:44: Geometry done...
12:26:44: Reading geometry...
12:26:44: Geometry done...
12:26:44: Submeshes done.
12:26:44: XMLMeshSerializer import successful.
12:26:44: MeshSerializer writing mesh data to /home/maurizio/Works/Nume/nume-read-only/distrib/models/export/garisenda.mesh...
12:26:44: File header written.
12:26:44: Writing mesh data...
12:26:44: Writing submesh...
12:26:44: Exporting submesh texture aliases...
12:26:44: Submesh texture aliases exported.
12:26:44: Submesh exported.
12:26:44: Writing submesh...
12:26:44: Exporting submesh texture aliases...
12:26:44: Submesh texture aliases exported.
12:26:44: Submesh exported.
12:26:44: Writing submesh...
12:26:44: Exporting submesh texture aliases...
12:26:44: Submesh texture aliases exported.
12:26:44: Submesh exported.
12:26:44: Writing submesh...
12:26:44: Exporting submesh texture aliases...
12:26:44: Submesh texture aliases exported.
12:26:44: Submesh exported.
12:26:44: Writing submesh...
12:26:44: Exporting submesh texture aliases...
12:26:44: Submesh texture aliases exported.
12:26:44: Submesh exported.
12:26:44: Writing submesh...
12:26:44: Exporting submesh texture aliases...
12:26:44: Submesh texture aliases exported.
12:26:44: Submesh exported.
12:26:44: Writing submesh...
12:26:44: Exporting submesh texture aliases...
12:26:44: Submesh texture aliases exported.
12:26:44: Submesh exported.
12:26:44: Writing submesh...
12:26:44: Exporting submesh texture aliases...
12:26:44: Submesh texture aliases exported.
12:26:44: Submesh exported.
12:26:44: Writing submesh...
12:26:44: Exporting submesh texture aliases...
12:26:44: Submesh texture aliases exported.
12:26:44: Submesh exported.
12:26:44: Exporting bounds information....
12:26:44: Bounds information exported.
12:26:44: Exporting submesh name table...
12:26:44: Submesh name table exported.
12:26:44: Mesh data exported.
12:26:44: MeshSerializer export successful.
12:26:44: Unregistering ResourceManager for type Skeleton
12:26:44: Unregistering ResourceManager for type Material
12:26:44: Unregistering ResourceManager for type Mesh
