14:47:44: Creating resource group General
14:47:44: Creating resource group Internal
14:47:44: Creating resource group Autodetect
14:47:44: Registering ResourceManager for type Mesh
14:47:44: Registering ResourceManager for type Material
14:47:44: Registering ResourceManager for type Skeleton
14:47:44: XMLMeshSerializer reading mesh data from /home/maurizio/Works/Nume/nume-read-only/distrib/models/mezzeria.mesh.xml...
14:47:44: Reading submeshes...
14:47:44: Reading geometry...
14:47:44: Geometry done...
14:47:44: Submeshes done.
14:47:44: XMLMeshSerializer import successful.
14:47:44: Reorganising vertex buffers to automatic layout..
14:47:44: MeshSerializer writing mesh data to /home/maurizio/Works/Nume/nume-read-only/distrib/models/mezzeria.mesh...
14:47:44: File header written.
14:47:44: Writing mesh data...
14:47:44: Writing submesh...
14:47:44: Exporting submesh texture aliases...
14:47:44: Submesh texture aliases exported.
14:47:44: Submesh exported.
14:47:44: Exporting bounds information....
14:47:44: Bounds information exported.
14:47:44: Exporting submesh name table...
14:47:44: Submesh name table exported.
14:47:44: Exporting edge lists...
14:47:44: Edge lists exported
14:47:44: Mesh data exported.
14:47:44: MeshSerializer export successful.
14:47:44: Unregistering ResourceManager for type Skeleton
14:47:44: Unregistering ResourceManager for type Material
14:47:44: Unregistering ResourceManager for type Mesh
