16:41:05: Creating resource group General
16:41:05: Creating resource group Internal
16:41:05: Creating resource group Autodetect
16:41:05: Registering ResourceManager for type Mesh
16:41:05: Registering ResourceManager for type Material
16:41:05: Registering ResourceManager for type Skeleton
16:41:05: XMLMeshSerializer reading mesh data from /home/maurizio/Works/Nume/nume-read-only/distrib/models/nume_powerwall/mezzeria.mesh.xml...
16:41:05: Reading submeshes...
16:41:05: Reading geometry...
16:41:05: Geometry done...
16:41:05: Reading geometry...
16:41:05: Geometry done...
16:41:05: Submeshes done.
16:41:05: XMLMeshSerializer import successful.
16:41:05: Reorganising vertex buffers to automatic layout..
16:41:05: MeshSerializer writing mesh data to /home/maurizio/Works/Nume/nume-read-only/distrib/models/nume_powerwall/mezzeria.mesh...
16:41:05: File header written.
16:41:05: Writing mesh data...
16:41:05: Writing submesh...
16:41:05: Exporting submesh texture aliases...
16:41:05: Submesh texture aliases exported.
16:41:05: Submesh exported.
16:41:05: Writing submesh...
16:41:05: Exporting submesh texture aliases...
16:41:05: Submesh texture aliases exported.
16:41:05: Submesh exported.
16:41:05: Exporting bounds information....
16:41:05: Bounds information exported.
16:41:05: Exporting submesh name table...
16:41:05: Submesh name table exported.
16:41:05: Exporting edge lists...
16:41:05: Edge lists exported
16:41:05: Mesh data exported.
16:41:05: MeshSerializer export successful.
16:41:05: Unregistering ResourceManager for type Skeleton
16:41:05: Unregistering ResourceManager for type Material
16:41:05: Unregistering ResourceManager for type Mesh
